# JRE version: OpenJDK Runtime Environment (8.0_292-b10) (build 1.8.0_292-8u292-b10-0ubuntu1~20.04-b10)
# Java VM: OpenJDK 64-Bit Server VM (25.292-b10 mixed mode linux-amd64 compressed oops)
Heap:
 PSYoungGen      total 1824256K, used 912384K [0x0000000719000000, 0x00000007c0000000, 0x00000007c0000000)
  eden space 912384K, 100% used [0x0000000719000000,0x0000000750b00000,0x0000000750b00000)
  from space 911872K, 0% used [0x0000000788580000,0x0000000788580000,0x00000007c0000000)
  to   space 911872K, 0% used [0x0000000750b00000,0x0000000750b00000,0x0000000788580000)
 ParOldGen       total 5472256K, used 5472203K [0x00000005cb000000, 0x0000000719000000, 0x0000000719000000)
  object space 5472256K, 99% used [0x00000005cb000000,0x0000000718ff2cc0,0x0000000719000000)
 Metaspace       used 31102K, capacity 31438K, committed 31872K, reserved 1077248K
  class space    used 3827K, capacity 3919K, committed 3968K, reserved 1048576K
GC Heap History (10 events):
Event: 791,793 GC heap after
Heap after GC invocations=135 (full 119):
 PSYoungGen      total 1824256K, used 370181K [0x0000000719000000, 0x00000007c0000000, 0x00000007c0000000)
  eden space 912384K, 40% used [0x0000000719000000,0x000000072f981578,0x0000000750b00000)
  from space 911872K, 0% used [0x0000000788580000,0x0000000788580000,0x00000007c0000000)
  to   space 911872K, 0% used [0x0000000750b00000,0x0000000750b00000,0x0000000788580000)
 ParOldGen       total 5472256K, used 5472203K [0x00000005cb000000, 0x0000000719000000, 0x0000000719000000)
  object space 5472256K, 99% used [0x00000005cb000000,0x0000000718ff2cc0,0x0000000719000000)
 Metaspace       used 31102K, capacity 31438K, committed 31872K, reserved 1077248K
  class space    used 3827K, capacity 3919K, committed 3968K, reserved 1048576K
}
Event: 794,206 GC heap before
{Heap before GC invocations=136 (full 120):
 PSYoungGen      total 1824256K, used 912384K [0x0000000719000000, 0x00000007c0000000, 0x00000007c0000000)
  eden space 912384K, 100% used [0x0000000719000000,0x0000000750b00000,0x0000000750b00000)
  from space 911872K, 0% used [0x0000000788580000,0x0000000788580000,0x00000007c0000000)
  to   space 911872K, 0% used [0x0000000750b00000,0x0000000750b00000,0x0000000788580000)
 ParOldGen       total 5472256K, used 5472203K [0x00000005cb000000, 0x0000000719000000, 0x0000000719000000)
  object space 5472256K, 99% used [0x00000005cb000000,0x0000000718ff2cc0,0x0000000719000000)
 Metaspace       used 31102K, capacity 31438K, committed 31872K, reserved 1077248K
  class space    used 3827K, capacity 3919K, committed 3968K, reserved 1048576K
Event: 795,499 GC heap after
Heap after GC invocations=136 (full 120):
 PSYoungGen      total 1824256K, used 370157K [0x0000000719000000, 0x00000007c0000000, 0x00000007c0000000)
  eden space 912384K, 40% used [0x0000000719000000,0x000000072f97b570,0x0000000750b00000)
  from space 911872K, 0% used [0x0000000788580000,0x0000000788580000,0x00000007c0000000)
  to   space 911872K, 0% used [0x0000000750b00000,0x0000000750b00000,0x0000000788580000)
 ParOldGen       total 5472256K, used 5472203K [0x00000005cb000000, 0x0000000719000000, 0x0000000719000000)
  object space 5472256K, 99% used [0x00000005cb000000,0x0000000718ff2cc0,0x0000000719000000)
 Metaspace       used 31102K, capacity 31438K, committed 31872K, reserved 1077248K
  class space    used 3827K, capacity 3919K, committed 3968K, reserved 1048576K
}
Event: 798,204 GC heap before
{Heap before GC invocations=137 (full 121):
 PSYoungGen      total 1824256K, used 912384K [0x0000000719000000, 0x00000007c0000000, 0x00000007c0000000)
  eden space 912384K, 100% used [0x0000000719000000,0x0000000750b00000,0x0000000750b00000)
  from space 911872K, 0% used [0x0000000788580000,0x0000000788580000,0x00000007c0000000)
  to   space 911872K, 0% used [0x0000000750b00000,0x0000000750b00000,0x0000000788580000)
 ParOldGen       total 5472256K, used 5472203K [0x00000005cb000000, 0x0000000719000000, 0x0000000719000000)
  object space 5472256K, 99% used [0x00000005cb000000,0x0000000718ff2cc0,0x0000000719000000)
 Metaspace       used 31102K, capacity 31438K, committed 31872K, reserved 1077248K
  class space    used 3827K, capacity 3919K, committed 3968K, reserved 1048576K
Event: 799,516 GC heap after
Heap after GC invocations=137 (full 121):
 PSYoungGen      total 1824256K, used 370066K [0x0000000719000000, 0x00000007c0000000, 0x00000007c0000000)
  eden space 912384K, 40% used [0x0000000719000000,0x000000072f964810,0x0000000750b00000)
  from space 911872K, 0% used [0x0000000788580000,0x0000000788580000,0x00000007c0000000)
  to   space 911872K, 0% used [0x0000000750b00000,0x0000000750b00000,0x0000000788580000)
 ParOldGen       total 5472256K, used 5472203K [0x00000005cb000000, 0x0000000719000000, 0x0000000719000000)
  object space 5472256K, 99% used [0x00000005cb000000,0x0000000718ff2cc0,0x0000000719000000)
 Metaspace       used 31102K, capacity 31438K, committed 31872K, reserved 1077248K
  class space    used 3827K, capacity 3919K, committed 3968K, reserved 1048576K
}
Event: 802,537 GC heap before
{Heap before GC invocations=138 (full 122):
 PSYoungGen      total 1824256K, used 912384K [0x0000000719000000, 0x00000007c0000000, 0x00000007c0000000)
  eden space 912384K, 100% used [0x0000000719000000,0x0000000750b00000,0x0000000750b00000)
  from space 911872K, 0% used [0x0000000788580000,0x0000000788580000,0x00000007c0000000)
  to   space 911872K, 0% used [0x0000000750b00000,0x0000000750b00000,0x0000000788580000)
 ParOldGen       total 5472256K, used 5472203K [0x00000005cb000000, 0x0000000719000000, 0x0000000719000000)
  object space 5472256K, 99% used [0x00000005cb000000,0x0000000718ff2cc0,0x0000000719000000)
 Metaspace       used 31102K, capacity 31438K, committed 31872K, reserved 1077248K
  class space    used 3827K, capacity 3919K, committed 3968K, reserved 1048576K
Event: 803,853 GC heap after
Heap after GC invocations=138 (full 122):
 PSYoungGen      total 1824256K, used 370486K [0x0000000719000000, 0x00000007c0000000, 0x00000007c0000000)
  eden space 912384K, 40% used [0x0000000719000000,0x000000072f9cdbf0,0x0000000750b00000)
  from space 911872K, 0% used [0x0000000788580000,0x0000000788580000,0x00000007c0000000)
  to   space 911872K, 0% used [0x0000000750b00000,0x0000000750b00000,0x0000000788580000)
 ParOldGen       total 5472256K, used 5472203K [0x00000005cb000000, 0x0000000719000000, 0x0000000719000000)
  object space 5472256K, 99% used [0x00000005cb000000,0x0000000718ff2cc0,0x0000000719000000)
 Metaspace       used 31102K, capacity 31438K, committed 31872K, reserved 1077248K
  class space    used 3827K, capacity 3919K, committed 3968K, reserved 1048576K
}
Event: 806,009 GC heap before
{Heap before GC invocations=139 (full 123):
 PSYoungGen      total 1824256K, used 912384K [0x0000000719000000, 0x00000007c0000000, 0x00000007c0000000)
  eden space 912384K, 100% used [0x0000000719000000,0x0000000750b00000,0x0000000750b00000)
  from space 911872K, 0% used [0x0000000788580000,0x0000000788580000,0x00000007c0000000)
  to   space 911872K, 0% used [0x0000000750b00000,0x0000000750b00000,0x0000000788580000)
 ParOldGen       total 5472256K, used 5472203K [0x00000005cb000000, 0x0000000719000000, 0x0000000719000000)
  object space 5472256K, 99% used [0x00000005cb000000,0x0000000718ff2cc0,0x0000000719000000)
 Metaspace       used 31102K, capacity 31438K, committed 31872K, reserved 1077248K
  class space    used 3827K, capacity 3919K, committed 3968K, reserved 1048576K
Event: 807,273 GC heap after
Heap after GC invocations=139 (full 123):
 PSYoungGen      total 1824256K, used 370107K [0x0000000719000000, 0x00000007c0000000, 0x00000007c0000000)
  eden space 912384K, 40% used [0x0000000719000000,0x000000072f96ef50,0x0000000750b00000)
  from space 911872K, 0% used [0x0000000788580000,0x0000000788580000,0x00000007c0000000)
  to   space 911872K, 0% used [0x0000000750b00000,0x0000000750b00000,0x0000000788580000)
 ParOldGen       total 5472256K, used 5472203K [0x00000005cb000000, 0x0000000719000000, 0x0000000719000000)
  object space 5472256K, 99% used [0x00000005cb000000,0x0000000718ff2cc0,0x0000000719000000)
 Metaspace       used 31102K, capacity 31438K, committed 31872K, reserved 1077248K
  class space    used 3827K, capacity 3919K, committed 3968K, reserved 1048576K
}
Event: 809,852 GC heap before
{Heap before GC invocations=140 (full 124):
 PSYoungGen      total 1824256K, used 912384K [0x0000000719000000, 0x00000007c0000000, 0x00000007c0000000)
  eden space 912384K, 100% used [0x0000000719000000,0x0000000750b00000,0x0000000750b00000)
  from space 911872K, 0% used [0x0000000788580000,0x0000000788580000,0x00000007c0000000)
  to   space 911872K, 0% used [0x0000000750b00000,0x0000000750b00000,0x0000000788580000)
 ParOldGen       total 5472256K, used 5472203K [0x00000005cb000000, 0x0000000719000000, 0x0000000719000000)
  object space 5472256K, 99% used [0x00000005cb000000,0x0000000718ff2cc0,0x0000000719000000)
 Metaspace       used 31102K, capacity 31438K, committed 31872K, reserved 1077248K
  class space    used 3827K, capacity 3919K, committed 3968K, reserved 1048576K

